current directory: /var/www/rails/Contrail/shared/bundle/ruby/2.6.0/gems/puma-4.3.5/ext/puma_http11
/home/Mayo/.rbenv/versions/2.6.4/bin/ruby -I /home/Mayo/.rbenv/versions/2.6.4/lib/ruby/2.6.0 -r ./siteconf20200802-27092-187msgg.rb extconf.rb
checking for BIO_read() in -lcrypto... yes
checking for SSL_CTX_new() in -lssl... yes
checking for openssl/bio.h... yes
checking for DTLS_method() in openssl/ssl.h... yes
checking for TLS_server_method() in openssl/ssl.h... no
checking for SSL_CTX_set_min_proto_version in openssl/ssl.h... no
creating Makefile

current directory: /var/www/rails/Contrail/shared/bundle/ruby/2.6.0/gems/puma-4.3.5/ext/puma_http11
make "DESTDIR=" clean

current directory: /var/www/rails/Contrail/shared/bundle/ruby/2.6.0/gems/puma-4.3.5/ext/puma_http11
make "DESTDIR="
compiling http11_parser.c
compiling io_buffer.c
compiling mini_ssl.c
mini_ssl.c: 関数 ‘engine_init_server’ 内:
mini_ssl.c:154:3: 警告: ISO C90 は宣言とコードの混合を禁止しています [-Wdeclaration-after-statement]
   ID sym_cert = rb_intern("cert");
   ^~
mini_ssl.c:159:3: 警告: ISO C90 は宣言とコードの混合を禁止しています [-Wdeclaration-after-statement]
   ID sym_ca = rb_intern("ca");
   ^~
mini_ssl.c:229:3: 警告: ISO C90 は宣言とコードの混合を禁止しています [-Wdeclaration-after-statement]
   DH *dh = get_dh1024();
   ^~
mini_ssl.c:145:7: 警告: 使用されない変数 ‘min’ です [-Wunused-variable]
   int min, ssl_options;
       ^~~
mini_ssl.c: 関数 ‘raise_error’ 内:
mini_ssl.c:299:6: 警告: function might be candidate for attribute ‘noreturn’ [-Wsuggest-attribute=noreturn]
 void raise_error(SSL* ssl, int result) {
      ^~~~~~~~~~~
mini_ssl.c: トップレベル:
cc1: 警告: 認識できないコマンドラインオプション ‘-Wno-self-assign’ です
cc1: 警告: 認識できないコマンドラインオプション ‘-Wno-parentheses-equality’ です
cc1: 警告: 認識できないコマンドラインオプション ‘-Wno-constant-logical-operand’ です
cc1: 警告: 認識できないコマンドラインオプション ‘-Wno-cast-function-type’ です
compiling puma_http11.c
puma_http11.c: 関数 ‘http_field’ 内:
puma_http11.c:203:22: 警告: 関数 ‘isspace’ の暗黙的な宣言です [-Wimplicit-function-declaration]
   while (vlen > 0 && isspace(value[vlen - 1])) vlen--;
                      ^~~~~~~
puma_http11.c: トップレベル:
cc1: 警告: 認識できないコマンドラインオプション ‘-Wno-self-assign’ です
cc1: 警告: 認識できないコマンドラインオプション ‘-Wno-parentheses-equality’ です
cc1: 警告: 認識できないコマンドラインオプション ‘-Wno-constant-logical-operand’ です
cc1: 警告: 認識できないコマンドラインオプション ‘-Wno-cast-function-type’ です
linking shared-object puma/puma_http11.so

current directory: /var/www/rails/Contrail/shared/bundle/ruby/2.6.0/gems/puma-4.3.5/ext/puma_http11
make "DESTDIR=" install
/usr/bin/install -c -m 0755 puma_http11.so ./.gem.20200802-27092-bhdj3y/puma
