D, [2020-08-05T12:15:06.284984 #29072] DEBUG -- :   [1m[35m (44.7ms)[0m  [1m[35mSET NAMES utf8,  @@SESSION.sql_mode = CONCAT(CONCAT(@@sql_mode, ',STRICT_ALL_TABLES'), ',NO_AUTO_VALUE_ON_ZERO'),  @@SESSION.sql_auto_is_null = 0, @@SESSION.wait_timeout = 2147483[0m
D, [2020-08-05T12:15:06.305321 #29072] DEBUG -- :   [1m[35m (0.2ms)[0m  [1m[35mSET NAMES utf8,  @@SESSION.sql_mode = CONCAT(CONCAT(@@sql_mode, ',STRICT_ALL_TABLES'), ',NO_AUTO_VALUE_ON_ZERO'),  @@SESSION.sql_auto_is_null = 0, @@SESSION.wait_timeout = 2147483[0m
D, [2020-08-05T12:15:06.307221 #29072] DEBUG -- :   [1m[35m (1.6ms)[0m  [1m[34mSELECT GET_LOCK('8304327681930009975', 0)[0m
D, [2020-08-05T12:15:06.356605 #29072] DEBUG -- :   [1m[35m (1.7ms)[0m  [1m[34mSELECT `schema_migrations`.`version` FROM `schema_migrations` ORDER BY `schema_migrations`.`version` ASC[0m
D, [2020-08-05T12:15:06.363494 #29072] DEBUG -- :   [1m[36mActiveRecord::InternalMetadata Load (1.6ms)[0m  [1m[34mSELECT `ar_internal_metadata`.* FROM `ar_internal_metadata` WHERE `ar_internal_metadata`.`key` = 'environment' LIMIT 1[0m
D, [2020-08-05T12:15:06.368467 #29072] DEBUG -- :   [1m[35m (0.2ms)[0m  [1m[34mSELECT RELEASE_LOCK('8304327681930009975')[0m
D, [2020-08-07T04:25:45.811709 #26367] DEBUG -- :   [1m[35m (31.5ms)[0m  [1m[35mSET NAMES utf8,  @@SESSION.sql_mode = CONCAT(CONCAT(@@sql_mode, ',STRICT_ALL_TABLES'), ',NO_AUTO_VALUE_ON_ZERO'),  @@SESSION.sql_auto_is_null = 0, @@SESSION.wait_timeout = 2147483[0m
D, [2020-08-07T04:25:45.830909 #26367] DEBUG -- :   [1m[35m (0.2ms)[0m  [1m[35mSET NAMES utf8,  @@SESSION.sql_mode = CONCAT(CONCAT(@@sql_mode, ',STRICT_ALL_TABLES'), ',NO_AUTO_VALUE_ON_ZERO'),  @@SESSION.sql_auto_is_null = 0, @@SESSION.wait_timeout = 2147483[0m
D, [2020-08-07T04:25:45.832689 #26367] DEBUG -- :   [1m[35m (1.5ms)[0m  [1m[34mSELECT GET_LOCK('8304327681930009975', 0)[0m
D, [2020-08-07T04:25:45.880380 #26367] DEBUG -- :   [1m[35m (0.3ms)[0m  [1m[34mSELECT `schema_migrations`.`version` FROM `schema_migrations` ORDER BY `schema_migrations`.`version` ASC[0m
D, [2020-08-07T04:25:45.886027 #26367] DEBUG -- :   [1m[36mActiveRecord::InternalMetadata Load (0.3ms)[0m  [1m[34mSELECT `ar_internal_metadata`.* FROM `ar_internal_metadata` WHERE `ar_internal_metadata`.`key` = 'environment' LIMIT 1[0m
D, [2020-08-07T04:25:45.892296 #26367] DEBUG -- :   [1m[35m (0.2ms)[0m  [1m[34mSELECT RELEASE_LOCK('8304327681930009975')[0m
D, [2020-08-07T04:36:18.613059 #20822] DEBUG -- :   [1m[35m (36.5ms)[0m  [1m[35mSET NAMES utf8,  @@SESSION.sql_mode = CONCAT(CONCAT(@@sql_mode, ',STRICT_ALL_TABLES'), ',NO_AUTO_VALUE_ON_ZERO'),  @@SESSION.sql_auto_is_null = 0, @@SESSION.wait_timeout = 2147483[0m
D, [2020-08-07T04:36:18.629871 #20822] DEBUG -- :   [1m[35m (0.2ms)[0m  [1m[35mSET NAMES utf8,  @@SESSION.sql_mode = CONCAT(CONCAT(@@sql_mode, ',STRICT_ALL_TABLES'), ',NO_AUTO_VALUE_ON_ZERO'),  @@SESSION.sql_auto_is_null = 0, @@SESSION.wait_timeout = 2147483[0m
D, [2020-08-07T04:36:18.631733 #20822] DEBUG -- :   [1m[35m (1.6ms)[0m  [1m[34mSELECT GET_LOCK('8304327681930009975', 0)[0m
D, [2020-08-07T04:36:18.662780 #20822] DEBUG -- :   [1m[35m (1.6ms)[0m  [1m[34mSELECT `schema_migrations`.`version` FROM `schema_migrations` ORDER BY `schema_migrations`.`version` ASC[0m
D, [2020-08-07T04:36:18.667985 #20822] DEBUG -- :   [1m[36mActiveRecord::InternalMetadata Load (0.3ms)[0m  [1m[34mSELECT `ar_internal_metadata`.* FROM `ar_internal_metadata` WHERE `ar_internal_metadata`.`key` = 'environment' LIMIT 1[0m
D, [2020-08-07T04:36:18.673934 #20822] DEBUG -- :   [1m[35m (0.2ms)[0m  [1m[34mSELECT RELEASE_LOCK('8304327681930009975')[0m
D, [2020-08-07T04:48:12.262279 #14692] DEBUG -- :   [1m[35m (33.9ms)[0m  [1m[35mSET NAMES utf8,  @@SESSION.sql_mode = CONCAT(CONCAT(@@sql_mode, ',STRICT_ALL_TABLES'), ',NO_AUTO_VALUE_ON_ZERO'),  @@SESSION.sql_auto_is_null = 0, @@SESSION.wait_timeout = 2147483[0m
D, [2020-08-07T04:48:12.277111 #14692] DEBUG -- :   [1m[35m (0.2ms)[0m  [1m[35mSET NAMES utf8,  @@SESSION.sql_mode = CONCAT(CONCAT(@@sql_mode, ',STRICT_ALL_TABLES'), ',NO_AUTO_VALUE_ON_ZERO'),  @@SESSION.sql_auto_is_null = 0, @@SESSION.wait_timeout = 2147483[0m
D, [2020-08-07T04:48:12.278905 #14692] DEBUG -- :   [1m[35m (1.5ms)[0m  [1m[34mSELECT GET_LOCK('8304327681930009975', 0)[0m
D, [2020-08-07T04:48:12.306212 #14692] DEBUG -- :   [1m[35m (1.6ms)[0m  [1m[34mSELECT `schema_migrations`.`version` FROM `schema_migrations` ORDER BY `schema_migrations`.`version` ASC[0m
D, [2020-08-07T04:48:12.311383 #14692] DEBUG -- :   [1m[36mActiveRecord::InternalMetadata Load (0.3ms)[0m  [1m[34mSELECT `ar_internal_metadata`.* FROM `ar_internal_metadata` WHERE `ar_internal_metadata`.`key` = 'environment' LIMIT 1[0m
D, [2020-08-07T04:48:12.317501 #14692] DEBUG -- :   [1m[35m (0.2ms)[0m  [1m[34mSELECT RELEASE_LOCK('8304327681930009975')[0m
D, [2020-08-07T04:55:26.877088 #9177] DEBUG -- :   [1m[35m (34.3ms)[0m  [1m[35mSET NAMES utf8,  @@SESSION.sql_mode = CONCAT(CONCAT(@@sql_mode, ',STRICT_ALL_TABLES'), ',NO_AUTO_VALUE_ON_ZERO'),  @@SESSION.sql_auto_is_null = 0, @@SESSION.wait_timeout = 2147483[0m
D, [2020-08-07T04:55:26.892877 #9177] DEBUG -- :   [1m[35m (0.2ms)[0m  [1m[35mSET NAMES utf8,  @@SESSION.sql_mode = CONCAT(CONCAT(@@sql_mode, ',STRICT_ALL_TABLES'), ',NO_AUTO_VALUE_ON_ZERO'),  @@SESSION.sql_auto_is_null = 0, @@SESSION.wait_timeout = 2147483[0m
D, [2020-08-07T04:55:26.894695 #9177] DEBUG -- :   [1m[35m (1.6ms)[0m  [1m[34mSELECT GET_LOCK('8304327681930009975', 0)[0m
D, [2020-08-07T04:55:26.920753 #9177] DEBUG -- :   [1m[35m (1.3ms)[0m  [1m[34mSELECT `schema_migrations`.`version` FROM `schema_migrations` ORDER BY `schema_migrations`.`version` ASC[0m
D, [2020-08-07T04:55:26.927778 #9177] DEBUG -- :   [1m[36mActiveRecord::InternalMetadata Load (0.3ms)[0m  [1m[34mSELECT `ar_internal_metadata`.* FROM `ar_internal_metadata` WHERE `ar_internal_metadata`.`key` = 'environment' LIMIT 1[0m
D, [2020-08-07T04:55:26.933620 #9177] DEBUG -- :   [1m[35m (0.2ms)[0m  [1m[34mSELECT RELEASE_LOCK('8304327681930009975')[0m
D, [2020-08-07T12:37:11.333618 #26185] DEBUG -- :   [1m[35m (39.3ms)[0m  [1m[35mSET NAMES utf8,  @@SESSION.sql_mode = CONCAT(CONCAT(@@sql_mode, ',STRICT_ALL_TABLES'), ',NO_AUTO_VALUE_ON_ZERO'),  @@SESSION.sql_auto_is_null = 0, @@SESSION.wait_timeout = 2147483[0m
D, [2020-08-07T12:37:11.351953 #26185] DEBUG -- :   [1m[35m (0.2ms)[0m  [1m[35mSET NAMES utf8,  @@SESSION.sql_mode = CONCAT(CONCAT(@@sql_mode, ',STRICT_ALL_TABLES'), ',NO_AUTO_VALUE_ON_ZERO'),  @@SESSION.sql_auto_is_null = 0, @@SESSION.wait_timeout = 2147483[0m
D, [2020-08-07T12:37:11.353715 #26185] DEBUG -- :   [1m[35m (1.5ms)[0m  [1m[34mSELECT GET_LOCK('8304327681930009975', 0)[0m
D, [2020-08-07T12:37:11.394846 #26185] DEBUG -- :   [1m[35m (0.3ms)[0m  [1m[34mSELECT `schema_migrations`.`version` FROM `schema_migrations` ORDER BY `schema_migrations`.`version` ASC[0m
D, [2020-08-07T12:37:11.400430 #26185] DEBUG -- :   [1m[36mActiveRecord::InternalMetadata Load (0.2ms)[0m  [1m[34mSELECT `ar_internal_metadata`.* FROM `ar_internal_metadata` WHERE `ar_internal_metadata`.`key` = 'environment' LIMIT 1[0m
D, [2020-08-07T12:37:11.406320 #26185] DEBUG -- :   [1m[35m (0.2ms)[0m  [1m[34mSELECT RELEASE_LOCK('8304327681930009975')[0m
