=== puma startup: 2020-08-05 12:15:13 +0000 ===
=== puma startup: 2020-08-05 12:15:13 +0000 ===
* Listening on unix:///var/www/rails/Contrail/shared/tmp/sockets/puma.sock
=== puma startup: 2020-08-07 04:20:18 +0000 ===
- Gracefully stopping, waiting for requests to finish
=== puma shutdown: 2020-08-07 04:20:18 +0000 ===
- Goodbye!
=== puma startup: 2020-08-07 04:26:09 +0000 ===
=== puma startup: 2020-08-07 04:26:09 +0000 ===
* Listening on unix:///var/www/rails/Contrail/shared/tmp/sockets/puma.sock
* Restarting...
Refreshing Gemfile
Puma starting in single mode...
* Version 4.3.5 (ruby 2.6.4-p104), codename: Mysterious Traveller
* Min threads: 0, max threads: 16
* Environment: production
* Daemonizing...
=== puma startup: 2020-08-07 04:36:24 +0000 ===
* Inherited unix:///var/www/rails/Contrail/shared/tmp/sockets/puma.sock
* Restarting...
Refreshing Gemfile
Puma starting in single mode...
* Version 4.3.5 (ruby 2.6.4-p104), codename: Mysterious Traveller
* Min threads: 0, max threads: 16
* Environment: production
* Daemonizing...
=== puma startup: 2020-08-07 04:48:18 +0000 ===
* Inherited unix:///var/www/rails/Contrail/shared/tmp/sockets/puma.sock
* Restarting...
Refreshing Gemfile
Puma starting in single mode...
* Version 4.3.5 (ruby 2.6.4-p104), codename: Mysterious Traveller
* Min threads: 0, max threads: 16
* Environment: production
* Daemonizing...
=== puma startup: 2020-08-07 04:55:50 +0000 ===
* Inherited unix:///var/www/rails/Contrail/shared/tmp/sockets/puma.sock
* Restarting...
Refreshing Gemfile
Puma starting in single mode...
* Version 4.3.5 (ruby 2.6.4-p104), codename: Mysterious Traveller
* Min threads: 0, max threads: 16
* Environment: production
* Daemonizing...
=== puma startup: 2020-08-07 12:37:30 +0000 ===
* Inherited unix:///var/www/rails/Contrail/shared/tmp/sockets/puma.sock
- Gracefully stopping, waiting for requests to finish
=== puma shutdown: 2020-08-08 03:55:30 +0000 ===
- Goodbye!
